
> campus-connect-web@0.1.0 dev
> next dev

  ▲ Next.js 14.2.33
  - Local:        http://localhost:3000
  - Environments: .env.local

 ✓ Starting...
 ✓ Ready in 2.6s
 ○ Compiling /feed ...
 ✓ Compiled / in 5.5s (952 modules)
 GET / 307 in 4775ms
 GET /feed 200 in 2805ms
 ✓ Compiled /login in 234ms (978 modules)
 ✓ Compiled /register in 248ms (984 modules)
 ✓ Compiled /_not-found in 319ms (920 modules)
 GET /.well-known/appspecific/com.chrome.devtools.json 404 in 495ms
 ✓ Compiled / in 170ms (478 modules)
 GET / 307 in 275ms
 GET / 307 in 17ms
 GET / 307 in 18ms
 GET / 307 in 16ms
 GET /register 200 in 125ms
 ✓ Compiled /_not-found in 378ms (920 modules)
 GET /.well-known/appspecific/com.chrome.devtools.json 404 in 498ms
 ✓ Compiled / in 125ms (479 modules)
 GET / 307 in 188ms
[?25h
